<?xml version="1.0" encoding="UTF-8"?>
<!-- Generated by org.testng.reporters.JUnitReportReporter -->
<testsuite hostname="DESKTOP-LKHQBG4" failures="0" tests="1" name="com.w3schools.tests.ProfileUpdating" time="32.029" errors="0" timestamp="2023-04-10T11:57:04 IST" skipped="0">
  <testcase classname="com.w3schools.tests.ProfileUpdating" name="prifileUpdating" time="32.029"/>
  <system-out/>
</testsuite> <!-- com.w3schools.tests.ProfileUpdating -->
