<?xml version="1.0" encoding="UTF-8"?>
<!-- Generated by org.testng.reporters.JUnitReportReporter -->
<testsuite hostname="DESKTOP-LKHQBG4" failures="0" tests="1" name="com.w3schools.tests.CoursesAndExams2Test" time="59.600" errors="0" timestamp="2023-04-11T15:48:04 IST" skipped="0">
  <testcase classname="com.w3schools.tests.CoursesAndExams2Test" name="coursesAndExams2" time="59.600"/>
  <system-out/>
</testsuite> <!-- com.w3schools.tests.CoursesAndExams2Test -->
