<?xml version="1.0" encoding="UTF-8"?>
<!-- Generated by org.testng.reporters.JUnitReportReporter -->
<testsuite hostname="DESKTOP-LKHQBG4" failures="0" tests="1" name="com.w3schools.tests.SignupTest" time="24.421" errors="0" timestamp="2023-04-13T12:23:02 IST" skipped="0">
  <testcase classname="com.w3schools.tests.SignupTest" name="signUpW3Schools" time="24.421"/>
  <system-out/>
</testsuite> <!-- com.w3schools.tests.SignupTest -->
