<?xml version="1.0" encoding="UTF-8"?>
<!-- Generated by org.testng.reporters.JUnitReportReporter -->
<testsuite hostname="DESKTOP-LKHQBG4" failures="0" tests="1" name="com.w3schools.tests.VdeosBtnTest" time="23.672" errors="0" timestamp="2023-04-06T10:09:29 IST" skipped="0">
  <testcase classname="com.w3schools.tests.VdeosBtnTest" name="videoBtnTest" time="23.672"/>
  <system-out/>
</testsuite> <!-- com.w3schools.tests.VdeosBtnTest -->
