<?xml version="1.0" encoding="UTF-8"?>
<!-- Generated by org.testng.reporters.JUnitReportReporter -->
<testsuite hostname="DESKTOP-LKHQBG4" failures="0" tests="1" name="com.w3schools.tests.SignupTest" time="65.685" errors="0" timestamp="2023-04-04T12:05:11 IST" skipped="0">
  <testcase classname="com.w3schools.tests.SignupTest" name="signUpW3Schools" time="65.685"/>
  <system-out/>
</testsuite> <!-- com.w3schools.tests.SignupTest -->
