<?xml version="1.0" encoding="UTF-8"?>
<!-- Generated by org.testng.reporters.JUnitReportReporter -->
<testsuite hostname="DESKTOP-LKHQBG4" failures="0" tests="1" name="com.w3schools.tests.ProfileTest" time="127.521" errors="0" timestamp="2023-04-11T16:34:02 IST" skipped="0">
  <testcase classname="com.w3schools.tests.ProfileTest" name="prifileUpdating" time="127.521"/>
  <system-out/>
</testsuite> <!-- com.w3schools.tests.ProfileTest -->
