<?xml version="1.0" encoding="UTF-8"?>
<!-- Generated by org.testng.reporters.JUnitReportReporter -->
<testsuite hostname="DESKTOP-LKHQBG4" failures="0" tests="1" name="com.w3schools.tests.LoginTest" time="43.960" errors="0" timestamp="2023-04-19T10:58:49 IST" skipped="0">
  <testcase classname="com.w3schools.tests.LoginTest" name="loginW3Schools" time="43.960"/>
  <system-out/>
</testsuite> <!-- com.w3schools.tests.LoginTest -->
