<?xml version="1.0" encoding="UTF-8"?>
<!-- Generated by org.testng.reporters.JUnitReportReporter -->
<testsuite hostname="DESKTOP-LKHQBG4" failures="0" tests="1" name="com.w3schools.tests.BillingTest" time="28.949" errors="0" timestamp="2023-04-10T10:17:44 IST" skipped="0">
  <testcase classname="com.w3schools.tests.BillingTest" name="billing" time="28.949"/>
  <system-out/>
</testsuite> <!-- com.w3schools.tests.BillingTest -->
